<?xml version="1.0" encoding="UTF-8"?>
<!-- Generated by org.testng.reporters.JUnitReportReporter -->
<testsuite hostname="DESKTOP-75ALLF2" failures="0" tests="1" name="Scenario.KayakTest" time="58.691" errors="0" timestamp="2024-05-30T10:56:21 IST" skipped="0">
  <testcase classname="Scenario.KayakTest" name="script" time="58.691"/>
  <system-out/>
</testsuite> <!-- Scenario.KayakTest -->
